Added Pin To Net: NetName=+3.3V Pin=MU1-2
Change Net Name : Old Net Name=NetC5_2 New Net Name=Adjust
Change Net Color : Old Net Color=RGB(158, 161, 117) New Net Color=RGB(255, 153, 0)
Change Net Color : Old Net Color=RGB(158, 161, 117) New Net Color=Red
Change Net Color : Old Net Color=RGB(158, 161, 117) New Net Color=RGB(255, 153, 0)
Change Net Color : Old Net Color=RGB(158, 161, 117) New Net Color=RGB(153, 0, 255)
Change Net Color : Old Net Color=RGB(158, 161, 117) New Net Color=RGB(153, 0, 255)
Change Net Color : Old Net Color=RGB(158, 161, 117) New Net Color=RGB(153, 0, 255)
Change Net Color : Old Net Color=RGB(158, 161, 117) New Net Color=Lime
Change Net Color : Old Net Color=RGB(158, 161, 117) New Net Color=Fuchsia
Change Net Color : Old Net Color=RGB(158, 161, 117) New Net Color=Fuchsia
Change Net Color : Old Net Color=RGB(158, 161, 117) New Net Color=Fuchsia
Change Net Color : Old Net Color=RGB(158, 161, 117) New Net Color=Lime
Change Net Color : Old Net Color=RGB(158, 161, 117) New Net Color=Aqua
Change Net Color : Old Net Color=RGB(158, 161, 117) New Net Color=Blue
Change Net Color : Old Net Color=RGB(158, 161, 117) New Net Color=Blue
Change Net Color : Old Net Color=RGB(158, 161, 117) New Net Color=Blue
Change Net Color : Old Net Color=RGB(158, 161, 117) New Net Color=Aqua
Change Net Color : Old Net Color=RGB(158, 161, 117) New Net Color=Aqua
Change Net Color : Old Net Color=RGB(158, 161, 117) New Net Color=Yellow
Change Net Color : Old Net Color=RGB(158, 161, 117) New Net Color=Yellow
Change Net Color : Old Net Color=RGB(158, 161, 117) New Net Color=Aqua
Change Net Color : Old Net Color=RGB(158, 161, 117) New Net Color=RGB(74, 134, 232)
Change Net Color : Old Net Color=RGB(158, 161, 117) New Net Color=RGB(74, 134, 232)
Change Net Color : Old Net Color=RGB(158, 161, 117) New Net Color=Yellow
Added Class: Name=GND
Added Class: Name=Power
Added Class: Name=Signal
Added Member To Class: ClassName=1_ESP8266_Hot_Plate Member=Component C3 100nF
