Removed Pin From Net: NetName=GND Pin=J2-1
Removed Pin From Net: NetName=SupplyIN Pin=J2-2
Removed Pin From Net: NetName=GND Pin=J3-1
Removed Pin From Net: NetName=VCC Pin=J3-2
Removed Pin From Net: NetName=GND Pin=J4-1
Removed Pin From Net: NetName=+5 Pin=J4-2
Removed Pin From Net: NetName=GND Pin=J6-1
Removed Pin From Net: NetName=Relay Pin=J6-2
Removed Pin From Net: NetName=T+ Pin=J7-1
Removed Pin From Net: NetName=T- Pin=J7-2
Added Pin To Net: NetName=SupplyIN Pin=J2-1
Added Pin To Net: NetName=GND Pin=J2-2
Added Pin To Net: NetName=VCC Pin=J3-1
Added Pin To Net: NetName=GND Pin=J3-2
Added Pin To Net: NetName=+5 Pin=J4-1
Added Pin To Net: NetName=GND Pin=J4-2
Added Pin To Net: NetName=Relay Pin=J6-1
Added Pin To Net: NetName=GND Pin=J6-2
Added Pin To Net: NetName=T- Pin=J7-1
Added Pin To Net: NetName=T+ Pin=J7-2
