Removed Pin From Net: NetName=VCC Pin=C1-1
Removed Pin From Net: NetName=VCC Pin=C2-2
Change Component Designator: OldDesignator=C3 NewDesignator=C6
Change Component Designator: OldDesignator=C6 NewDesignator=C7
Added Component: Designator=C3(C-0603)
Add component (AddParameter): Name = "Availability"; Value = "Warning"; VariantName = "[No Variations]"
Add component (AddParameter): Name = "Check_prices"; Value = "https://www.snapeda.com/parts/C0603C104J4RAC/KEMET/view-part/1763758/?ref=eda"; VariantName = "[No Variations]"
Add component (AddParameter): Name = "MF"; Value = "KEMET"; VariantName = "[No Variations]"
Add component (AddParameter): Name = "MP"; Value = "C0603C104J4RAC"; VariantName = "[No Variations]"
Add component (AddParameter): Name = "Package"; Value = "0603 KEMET"; VariantName = "[No Variations]"
Add component (AddParameter): Name = "Price"; Value = "None"; VariantName = "[No Variations]"
Add component (AddParameter): Name = "SnapEDA_Link"; Value = "https://www.snapeda.com/parts/C0603C104J4RAC/KEMET/view-part/1763758/?ref=snap"; VariantName = "[No Variations]"
Add component (AddParameter): Name = "Value"; Value = ""; VariantName = "[No Variations]"
Added Component: Designator=C8(C-0603)
Add component (AddParameter): Name = "Availability"; Value = "Warning"; VariantName = "[No Variations]"
Add component (AddParameter): Name = "Check_prices"; Value = "https://www.snapeda.com/parts/C0603C104J4RAC/KEMET/view-part/1763758/?ref=eda"; VariantName = "[No Variations]"
Add component (AddParameter): Name = "MF"; Value = "KEMET"; VariantName = "[No Variations]"
Add component (AddParameter): Name = "MP"; Value = "C0603C104J4RAC"; VariantName = "[No Variations]"
Add component (AddParameter): Name = "Package"; Value = "0603 KEMET"; VariantName = "[No Variations]"
Add component (AddParameter): Name = "Price"; Value = "None"; VariantName = "[No Variations]"
Add component (AddParameter): Name = "SnapEDA_Link"; Value = "https://www.snapeda.com/parts/C0603C104J4RAC/KEMET/view-part/1763758/?ref=snap"; VariantName = "[No Variations]"
Add component (AddParameter): Name = "Value"; Value = ""; VariantName = "[No Variations]"
Added Pin To Net: NetName=SupplyOUT Pin=C1-1
Added Pin To Net: NetName=SupplyOUT Pin=C2-2
Added Pin To Net: NetName=GND Pin=C3-1
Added Pin To Net: NetName=VCC Pin=C3-2
Added Pin To Net: NetName=GND Pin=C8-1
Added Pin To Net: NetName=+3.3V Pin=C8-2
Added Member To Class: ClassName=1_ESP8266_Hot_Plate Member=Component C1 47uF
Added Member To Class: ClassName=1_ESP8266_Hot_Plate Member=Component C5 10uF
Added Member To Class: ClassName=1_ESP8266_Hot_Plate Member=Component C6 22uF
Added Member To Class: ClassName=1_ESP8266_Hot_Plate Member=Component C7 0.1uF
Added Member To Class: ClassName=1_ESP8266_Hot_Plate Member=Component C8 0.1uF
Added Member To Class: ClassName=1_ESP8266_Hot_Plate Member=Component F2 1A
Added Member To Class: ClassName=1_ESP8266_Hot_Plate Member=Component R1 100k
Added Member To Class: ClassName=1_ESP8266_Hot_Plate Member=Component R3 50K
Added Member To Class: ClassName=1_ESP8266_Hot_Plate Member=Component R5 150K
