Removed Pin From Net: NetName=A0 Pin=J11-1
Removed Pin From Net: NetName=GND Pin=J11-2
Removed Pin From Net: NetName=CS-2 Pin=J11-7
Removed Pin From Net: NetName=MISO-2 Pin=J11-8
Removed Pin From Net: NetName=SCLK-2 Pin=J11-9
Removed Pin From Net: NetName=GND Pin=J11-10
Removed Pin From Net: NetName=+3.3V Pin=J11-11
Removed Pin From Net: NetName=GND Pin=J12-2
Removed Pin From Net: NetName=VIN Pin=J12-3
Removed Pin From Net: NetName=Diff_Pair_OLED_P Pin=J13-2
Removed Pin From Net: NetName=Diff_Pair_OLED_N Pin=J13-3
Removed Pin From Net: NetName=SW Pin=J13-5
Removed Pin From Net: NetName=+3.3V Pin=J13-6
Removed Pin From Net: NetName=GND Pin=J13-7
Removed Pin From Net: NetName=SCLK-1 Pin=J13-8
Removed Pin From Net: NetName=MISO-1 Pin=J13-9
Removed Pin From Net: NetName=CS-1 Pin=J13-10
Removed Pin From Net: NetName=Relay Pin=J13-11
Removed Pin From Net: NetName=GND Pin=J14-2
Removed Pin From Net: NetName=+3.3V Pin=J14-3
Removed Member From Class: ClassName=1_ESP8266_Hot_Plate Member=J11
Removed Member From Class: ClassName=1_ESP8266_Hot_Plate Member=J12
Removed Member From Class: ClassName=1_ESP8266_Hot_Plate Member=J13
Removed Member From Class: ClassName=1_ESP8266_Hot_Plate Member=J14
