Removed Pin From Net: NetName=VCC Pin=F1-2
Change Component Comment : Designator=F1 Old Comment=5A New Comment=3A
Added Component: Designator=D?(DO214AA SMB)
Add component (AddParameter): Name = "Capacitance @ Vr, F"; Value = "450pF @ 4V, 1MHz"; VariantName = "[No Variations]"
Add component (AddParameter): Name = "ComponentLink2Description"; Value = "DigiKey Link"; VariantName = "[No Variations]"
Add component (AddParameter): Name = "ComponentLink2URL"; Value = "http://digikey.com/product-detail/en/comchip-technology/SS34B-HF/641-SS34B-HFCT-ND/12326331"; VariantName = "[No Variations]"
Add component (AddParameter): Name = "Current - Average Rectified (Io)"; Value = "3A"; VariantName = "[No Variations]"
Add component (AddParameter): Name = "Current - Reverse Leakage @ Vr"; Value = "500µA @ 40V"; VariantName = "[No Variations]"
Add component (AddParameter): Name = "Diode Type"; Value = "Schottky"; VariantName = "[No Variations]"
Add component (AddParameter): Name = "LastUpdated"; Value = "30-08-2020 08:59:21 PM"; VariantName = "[No Variations]"
Add component (AddParameter): Name = "Lifecycle Status"; Value = "Active"; VariantName = "[No Variations]"
Add component (AddParameter): Name = "Manufacturer"; Value = "Comchip Technology"; VariantName = "[No Variations]"
Add component (AddParameter): Name = "Minimum Order"; Value = "1"; VariantName = "[No Variations]"
Add component (AddParameter): Name = "Mounting Type"; Value = "Surface Mount"; VariantName = "[No Variations]"
Add component (AddParameter): Name = "Package / Case"; Value = "DO-214AA, SMB"; VariantName = "[No Variations]"
Add component (AddParameter): Name = "Packaging"; Value = "Unknown"; VariantName = "[No Variations]"
Add component (AddParameter): Name = "Part Number"; Value = "SS34B-HF"; VariantName = "[No Variations]"
Add component (AddParameter): Name = "PartId"; Value = "3275"; VariantName = "[No Variations]"
Add component (AddParameter): Name = "Price"; Value = "0.32"; VariantName = "[No Variations]"
Add component (AddParameter): Name = "Speed"; Value = "Fast Recovery =< 500ns, > 200mA (Io)"; VariantName = "[No Variations]"
Add component (AddParameter): Name = "Supplier 1"; Value = "DigiKey"; VariantName = "[No Variations]"
Add component (AddParameter): Name = "Supplier Device Package"; Value = "DO-214AA (SMB)"; VariantName = "[No Variations]"
Add component (AddParameter): Name = "Supplier Part Number 1"; Value = "641-SS34B-HFCT-ND"; VariantName = "[No Variations]"
Add component (AddParameter): Name = "Voltage - DC Reverse (Vr) (Max)"; Value = "40V"; VariantName = "[No Variations]"
Add component (AddParameter): Name = "Voltage - Forward (Vf) (Max) @ If"; Value = "550mV @ 3A"; VariantName = "[No Variations]"
Added Pin To Net: NetName=VCC Pin=D?-2
Added Pin To Net: NetName=NetD?_1 Pin=D?-1
Added Pin To Net: NetName=NetD?_1 Pin=F1-2
Added Net: Name=NetD?_1
Added Member To Class: ClassName=1_ESP8266_Hot_Plate Member=Component D? SS34B-HF
Added Member To Class: ClassName=Power Member=Wire NetD?_1
